<?xml version="1.0" encoding="UTF-8"?>
<testsuite name="org.hyperskill.calculator.Stage2UnitTest" tests="7" skipped="0" failures="0" errors="0" timestamp="2025-02-21T23:48:24" hostname="CHINAZA-PC" time="30.742">
  <properties/>
  <testcase name="test00_checkButtonsWork" classname="org.hyperskill.calculator.Stage2UnitTest" time="23.289"/>
  <testcase name="test01_checkClearButtonWorks" classname="org.hyperskill.calculator.Stage2UnitTest" time="2.608"/>
  <testcase name="test02_checkZeroButtonLock" classname="org.hyperskill.calculator.Stage2UnitTest" time="1.417"/>
  <testcase name="test03_checkDotButtonLock" classname="org.hyperskill.calculator.Stage2UnitTest" time="0.853"/>
  <testcase name="test04_checkDotButtonLockAfterNumber" classname="org.hyperskill.calculator.Stage2UnitTest" time="0.925"/>
  <testcase name="test05_checkNoZeroesToTheLeft" classname="org.hyperskill.calculator.Stage2UnitTest" time="0.732"/>
  <testcase name="test06_checkNoDotsWithoutInteger" classname="org.hyperskill.calculator.Stage2UnitTest" time="0.916"/>
  <system-out><![CDATA[]]></system-out>
  <system-err><![CDATA[]]></system-err>
</testsuite>
